<test-1>
<question id="1">
<ques>Подакцизными являются следующие товары...</ques>
<wrong>предметы антиквариата</wrong>
<correct>моторное масло</correct>
<wrong>золотой нательный крест</wrong>
</question>
<question id="2">
<ques>Единый социальный налог в соответствии с Налоговым кодексом РФ является налогом...</ques>
<wrong>региональным</wrong>
<correct>федеральным</correct>
<wrong>местным</wrong>
</question>
<question id="3">
<ques>Плательщиками НДС являются...</ques>
<correct>Юридические и физические лица</correct>
<wrong>Юридические лица</wrong> 
<wrong>Физические лица</wrong>
</question>
<question id="4">
<ques>Основной ставкой НДС является...</ques>
<wrong>10%</wrong>
<correct>18%</correct>
<wrong>13%</wrong>
</question>
<question id="5">
<ques>Налогом на имущество облагаются следующие активы...</ques>
<wrong>дебиторская задолженность</wrong>
<wrong>запасы</wrong>
<correct>основные средства</correct>
</question>
<question id="6">
<ques>При уплате квартальных авансовых платежей по налогу на имущество организации применяется...</ques>
<wrong>полная ставка</wrong>
<wrong> 1/2 ставки</wrong>
<correct>1/4 ставки</correct>
</question>
<question id="7">
<ques>Амортизации не подлежит...</ques>
<wrong>средства связи</wrong>
<wrong>вспомогательное оборудование</wrong>
<correct>земля</correct>
</question>
<question id="8">
<ques>Не относятся к доходам иностранной организации от источников в РФ...</ques>
<wrong>доходы от реализации недвижимого имущества</wrong>
<wrong>доходы от сдачи в аренду или субаренду имущества</wrong>
<correct>доходы от международных перевозок</correct>
</question>
<question id="9">
<ques>Налоговым периодом по налогу на имущество физических лиц признается...</ques>
<wrong>квартал</wrong>
<wrong>месяц</wrong>
<correct>год</correct>
</question>
<question id="10">
<ques>Транспортное средство, поставленное на учет или снятое с учета в течение года облагается налогом...</ques>
<wrong>за весь год</wrong>
<wrong>пропорционально количеству дней нахождения средства на учете со следующего года</wrong>
<correct>с применением корректирующего коэффициента к ставке</correct>
</question>
</test-1>