<test-2>
<question id="1">
<ques>Подлежит ли уменьшению размер штрафа при наличии обстоятельств, смягчающих ответственность?</ques>
<wrong>нет</wrong>
<correct>да, размер штрафа уменьшается на 50 %</correct>
<wrong>да, размер штрафа уменьшается не менее, чем в 2 раза</wrong>
</question>
<question id="2">
<ques>Региональные налоги устанавливаются:</ques>
<wrong>Налоговым кодексом РФ</wrong>
<wrong>Законами субъектов РФ о налогах</wrong>
<correct>Налоговым кодексом РФ и законами субъектов РФ о налогах и сборах</correct>
</question>
<question id="3">
<ques>Какие функции выполняют налоги?</ques>
<correct>фискальная и экономическая</correct>
<wrong>экономическая и политическая</wrong>
<wrong>фискальная и социальная</wrong>
</question>
<question id="4">
<ques>Какой из перечисленных налогов полностью поступает в федеральный бюджет?</ques>
<wrong>акцизы</wrong>
<wrong>налог на имущество организаций</wrong>
<correct>НДС</correct>
</question>
<question id="5">
<ques>Налогоплательщиками являются</ques>
<correct>Организации и физические лица, на которых в соответствии с Налоговым кодексом возложена обязанность уплачивать налоги</correct>
<wrong>Все организации и физические лица</wrong>
<wrong>Организации и физические лица, находящиеся на территории РФ более 3-х месяцев</wrong>
</question>
<question id="6">
<ques>В соответствии с Налоговым кодексом налоговой санкцией является</ques>
<wrong>Пеня</wrong>
<wrong>Арест имущества</wrong>
<correct>Штраф</correct>
</question>
<question id="7">
<ques>Какая налоговая ставка НДФЛ применяется по отношению к доходам. полученным от участия в лотереях</ques>
<wrong>30 %</wrong>
<wrong>35 %</wrong>
<correct> 13 %</correct>
</question>
<question id="8">
<ques>Налоговым кодексом установлены виды налогов...</ques>
<wrong>Прямые и косвенные</wrong>
<wrong>Уменьшающие и не уменьшающие налогооблагаемую прибыль в зависимости от источника финансирования</wrong>
<correct>Федеральные, региональные и местные</correct>
</question>
<question id="9">
<ques> Принципом налогообложения, сформулированным А.Смитом, не является...</ques>
<wrong>Справедливость налогообложения</wrong>
<wrong>Определённость налогообложения</wrong>
<correct>Целевое расходование средств</correct>
</question>
<question id="10">
<ques>Налоговый период по НДС</ques>
<correct>квартал</correct>
<wrong>месяц , квартал</wrong>
<wrong>год</wrong>
</question>
</test-2>