<test-3>
<question id="1">
<ques>Налог — это:</ques>
<wrong>обязательный платеж, взимаемый с юридических и физических лиц</wrong>
<correct>обязательный индивидуальный безвозмездный платеж, взимаемый с юридических и физических лиц в целях формирования государственных финансов</correct>
<wrong>обязательный индивидуальный платеж, взимаемый с юридических и физических лиц</wrong>
</question>
<question id="2">
<ques>Какой из перечисленных элементов налогообложения не является обязательным при установлении налога:</ques>
<wrong>налоговая база</wrong>
<wrong>налоговая ставка</wrong>
<correct>налоговые льготы</correct>
</question>
<question id="3">
<ques>Акцизный сбор – это налог:</ques>
<correct>косвенный – индивидуальный</correct>
<wrong>прямой – реальный</wrong>
<wrong>прямой – личный</wrong>
</question>
<question id="4">
<ques> К прямым налогам относятся:</ques>
<wrong>Транспортный налог, подоходный налог</wrong>
<wrong>Водный налог, акцизы</wrong>
<correct>Подоходный налог, налог на имущество</correct>
</question>
<question id="5">
<ques>К косвенным налогам относятся:</ques>
<wrong>Налог на имущество, земельный налог</wrong>
<wrong>Налог на прибыль, налог на наследство</wrong>
<correct>НДС, акцизы</correct>
</question>
<question id="6">
<ques>К какой группе налогов относятся акцизы?</ques>
<wrong>Обязательные</wrong>
<wrong>Целевые</wrong>
<correct>Косвенные</correct>
</question>
<question id="7">
<ques>Сколько частей имеет налоговый кодекс РФ?</ques>
<wrong>1</wrong>
<wrong>3</wrong>
<correct>2</correct>
</question>
<question id="8">
<ques>Что из перечисленного не облагают акцизом?</ques>
<wrong>Топливо</wrong>
<wrong>Алкогольные напитки</wrong>
<correct>Парфюмерно-косметическую продукцию, которая прошла государственную регистрацию в уполномоченном органе исполнительной власти федерального уровня</correct>
</question>
<question id="9">
<ques>В каких случаях приостанавливаются операции по счетам налогоплательщиков в банке?</ques>
<wrong>в случае отказа налогоплательщика представить налоговую декларацию</wrong>
<wrong>в случае отказа допустить налоговый орган к проведению инвентаризации имущества налогоплательщика</wrong>
<correct>при неуплате налогов в установленный срок</correct>
</question>
<question id="10">
<ques>Где могут быть обжалованы акты налоговых органов и действия их должностных лиц?</ques>
<wrong>в вышестоящем налоговом органе</wrong>
<wrong>в суде</wrong>    
<correct>в вышестоящем налоговом органе или в суде</correct>
</question>
</test-3>